<?xml version="1.0" encoding="UTF-8"?>
<!-- Generated by org.testng.reporters.JUnitXMLReporter -->
<testsuite hostname="Natarajan" name="Documents" tests="2" failures="0" timestamp="21 Jul 2016 12:32:35 GMT" time="0.074" errors="0">
  <testcase name="@BeforeMethod beforeClass" time="0.0" classname="execution.TestSuite">
    <failure type="java.lang.NoClassDefFoundError" message="org/openqa/selenium/io/CircularOutputStream">
      <![CDATA[java.lang.NoClassDefFoundError: org/openqa/selenium/io/CircularOutputStream
	at org.openqa.selenium.firefox.FirefoxBinary.<init>(FirefoxBinary.java:60)
	at org.openqa.selenium.firefox.FirefoxBinary.<init>(FirefoxBinary.java:56)
	at org.openqa.selenium.firefox.FirefoxDriver.<init>(FirefoxDriver.java:120)
	at execution.TestSuite.beforeClass(TestSuite.java:36)
Caused by: java.lang.ClassNotFoundException: org.openqa.selenium.io.CircularOutputStream
	at java.net.URLClassLoader.findClass(Unknown Source)
	at java.lang.ClassLoader.loadClass(Unknown Source)
	at sun.misc.Launcher$AppClassLoader.loadClass(Unknown Source)
	at java.lang.ClassLoader.loadClass(Unknown Source)
	... 33 more
... Removed 29 stack frames]]>
    </failure>
  </testcase> <!-- @BeforeMethod beforeClass -->
  <testcase name="@AfterMethod afterClass" time="0.0" classname="execution.TestSuite">
    <skipped/>
  </testcase> <!-- @AfterMethod afterClass -->
  <testcase name="@BeforeMethod beforeClass" time="0.0" classname="execution.TestSuite">
    <skipped/>
  </testcase> <!-- @BeforeMethod beforeClass -->
  <testcase name="@AfterMethod afterClass" time="0.0" classname="execution.TestSuite">
    <skipped/>
  </testcase> <!-- @AfterMethod afterClass -->
  <testcase name="New_Document" time="0.0" classname="execution.TestSuite">
    <skipped/>
  </testcase> <!-- New_Document -->
  <testcase name="Edit_Document" time="0.0" classname="execution.TestSuite">
    <skipped/>
  </testcase> <!-- Edit_Document -->
</testsuite> <!-- Documents -->
