<?xml version="1.0" encoding="UTF-8"?>
<testng-results skipped="2" failed="0" total="2" passed="0">
  <reporter-output>
  </reporter-output>
  <suite name="CiviHR" duration-ms="74" started-at="2016-07-21T12:32:35Z" finished-at="2016-07-21T12:32:35Z">
    <groups>
    </groups>
    <test name="Documents" duration-ms="74" started-at="2016-07-21T12:32:35Z" finished-at="2016-07-21T12:32:35Z">
      <class name="execution.TestSuite">
        <test-method status="FAIL" signature="beforeClass()[pri:0, instance:execution.TestSuite@129a8472]" name="beforeClass" is-config="true" duration-ms="0" started-at="2016-07-21T18:02:35Z" finished-at="2016-07-21T18:02:35Z">
          <exception class="java.lang.NoClassDefFoundError">
            <message>
              <![CDATA[org/openqa/selenium/io/CircularOutputStream]]>
            </message>
            <full-stacktrace>
              <![CDATA[java.lang.NoClassDefFoundError: org/openqa/selenium/io/CircularOutputStream
	at org.openqa.selenium.firefox.FirefoxBinary.<init>(FirefoxBinary.java:60)
	at org.openqa.selenium.firefox.FirefoxBinary.<init>(FirefoxBinary.java:56)
	at org.openqa.selenium.firefox.FirefoxDriver.<init>(FirefoxDriver.java:120)
	at execution.TestSuite.beforeClass(TestSuite.java:36)
	at sun.reflect.NativeMethodAccessorImpl.invoke0(Native Method)
	at sun.reflect.NativeMethodAccessorImpl.invoke(Unknown Source)
	at sun.reflect.DelegatingMethodAccessorImpl.invoke(Unknown Source)
	at java.lang.reflect.Method.invoke(Unknown Source)
	at org.testng.internal.MethodInvocationHelper.invokeMethod(MethodInvocationHelper.java:86)
	at org.testng.internal.Invoker.invokeConfigurationMethod(Invoker.java:514)
	at org.testng.internal.Invoker.invokeConfigurations(Invoker.java:215)
	at org.testng.internal.Invoker.invokeMethod(Invoker.java:589)
	at org.testng.internal.Invoker.invokeTestMethod(Invoker.java:820)
	at org.testng.internal.Invoker.invokeTestMethods(Invoker.java:1128)
	at org.testng.internal.TestMethodWorker.invokeTestMethods(TestMethodWorker.java:129)
	at org.testng.internal.TestMethodWorker.run(TestMethodWorker.java:112)
	at org.testng.TestRunner.privateRun(TestRunner.java:782)
	at org.testng.TestRunner.run(TestRunner.java:632)
	at org.testng.SuiteRunner.runTest(SuiteRunner.java:366)
	at org.testng.SuiteRunner.runSequentially(SuiteRunner.java:361)
	at org.testng.SuiteRunner.privateRun(SuiteRunner.java:319)
	at org.testng.SuiteRunner.run(SuiteRunner.java:268)
	at org.testng.SuiteRunnerWorker.runSuite(SuiteRunnerWorker.java:52)
	at org.testng.SuiteRunnerWorker.run(SuiteRunnerWorker.java:86)
	at org.testng.TestNG.runSuitesSequentially(TestNG.java:1244)
	at org.testng.TestNG.runSuitesLocally(TestNG.java:1169)
	at org.testng.TestNG.run(TestNG.java:1064)
	at org.apache.maven.surefire.testng.TestNGExecutor.run(TestNGExecutor.java:295)
	at org.apache.maven.surefire.testng.TestNGXmlTestSuite.execute(TestNGXmlTestSuite.java:84)
	at org.apache.maven.surefire.testng.TestNGProvider.invoke(TestNGProvider.java:90)
	at org.apache.maven.surefire.booter.ForkedBooter.invokeProviderInSameClassLoader(ForkedBooter.java:203)
	at org.apache.maven.surefire.booter.ForkedBooter.runSuitesInProcess(ForkedBooter.java:155)
	at org.apache.maven.surefire.booter.ForkedBooter.main(ForkedBooter.java:103)
Caused by: java.lang.ClassNotFoundException: org.openqa.selenium.io.CircularOutputStream
	at java.net.URLClassLoader.findClass(Unknown Source)
	at java.lang.ClassLoader.loadClass(Unknown Source)
	at sun.misc.Launcher$AppClassLoader.loadClass(Unknown Source)
	at java.lang.ClassLoader.loadClass(Unknown Source)
	... 33 more
]]>
            </full-stacktrace>
          </exception> <!-- java.lang.NoClassDefFoundError -->
          <reporter-output>
          </reporter-output>
        </test-method> <!-- beforeClass -->
        <test-method status="SKIP" signature="New_Document()[pri:1, instance:execution.TestSuite@129a8472]" name="New_Document" duration-ms="0" started-at="2016-07-21T18:02:35Z" finished-at="2016-07-21T18:02:35Z">
          <reporter-output>
          </reporter-output>
        </test-method> <!-- New_Document -->
        <test-method status="SKIP" signature="afterClass()[pri:0, instance:execution.TestSuite@129a8472]" name="afterClass" is-config="true" duration-ms="0" started-at="2016-07-21T18:02:35Z" finished-at="2016-07-21T18:02:35Z">
          <reporter-output>
          </reporter-output>
        </test-method> <!-- afterClass -->
        <test-method status="SKIP" signature="beforeClass()[pri:0, instance:execution.TestSuite@129a8472]" name="beforeClass" is-config="true" duration-ms="0" started-at="2016-07-21T18:02:35Z" finished-at="2016-07-21T18:02:35Z">
          <reporter-output>
          </reporter-output>
        </test-method> <!-- beforeClass -->
        <test-method status="SKIP" signature="afterClass()[pri:0, instance:execution.TestSuite@129a8472]" name="afterClass" is-config="true" duration-ms="0" started-at="2016-07-21T18:02:35Z" finished-at="2016-07-21T18:02:35Z">
          <reporter-output>
          </reporter-output>
        </test-method> <!-- afterClass -->
        <test-method status="SKIP" signature="Edit_Document()[pri:2, instance:execution.TestSuite@129a8472]" name="Edit_Document" duration-ms="0" started-at="2016-07-21T18:02:35Z" finished-at="2016-07-21T18:02:35Z">
          <reporter-output>
          </reporter-output>
        </test-method> <!-- Edit_Document -->
      </class> <!-- execution.TestSuite -->
    </test> <!-- Documents -->
  </suite> <!-- CiviHR -->
</testng-results>
