<?xml version="1.0" encoding="UTF-8"?>
<testsuite name="TestSuite" time="0.663" tests="6" errors="0" skipped="5" failures="1">
  <properties>
[...]
</properties>
  <testcase name="beforeClass" classname="execution.TestSuite" time="0.663">
    <failure message="org/openqa/selenium/io/CircularOutputStream" type="java.lang.NoClassDefFoundError"><![CDATA[java.lang.NoClassDefFoundError: org/openqa/selenium/io/CircularOutputStream
	at java.net.URLClassLoader.findClass(Unknown Source)
	at java.lang.ClassLoader.loadClass(Unknown Source)
	at sun.misc.Launcher$AppClassLoader.loadClass(Unknown Source)
	at java.lang.ClassLoader.loadClass(Unknown Source)
	at org.openqa.selenium.firefox.FirefoxBinary.<init>(FirefoxBinary.java:60)
	at org.openqa.selenium.firefox.FirefoxBinary.<init>(FirefoxBinary.java:56)
	at org.openqa.selenium.firefox.FirefoxDriver.<init>(FirefoxDriver.java:120)
	at execution.TestSuite.beforeClass(TestSuite.java:36)
]]></failure>
  </testcase>
  <testcase name="beforeClass" classname="execution.TestSuite" time="0">
    <skipped/>
  </testcase>
  <testcase name="New_Document" classname="execution.TestSuite" time="0">
    <skipped/>
  </testcase>
  <testcase name="afterClass" classname="execution.TestSuite" time="0">
    <skipped/>
  </testcase>
  <testcase name="afterClass" classname="execution.TestSuite" time="0">
    <skipped/>
  </testcase>
  <testcase name="Edit_Document" classname="execution.TestSuite" time="0">
    <skipped/>
  </testcase>
</testsuite>